[doccure.dreamstechnologies.com/html/template/admin/index.html]
[backblue.gif]
[fade.gif]
[index.html]
[doccure.dreamstechnologies.com/html/template/admin/assets/img/preview-banner.jpg]
[doccure.dreamstechnologies.com/html/template/admin/assets/img/favicon.png]
[doccure.dreamstechnologies.com/html/template/admin/assets/css/bootstrap.min.css]
[doccure.dreamstechnologies.com/html/template/admin/assets/plugins/fontawesome/css/fontawesome.min.css]
[doccure.dreamstechnologies.com/html/template/admin/assets/plugins/fontawesome/css/all.min.css]
[doccure.dreamstechnologies.com/html/template/admin/assets/css/feathericon.min.css]
[doccure.dreamstechnologies.com/html/template/admin/assets/plugins/morris/morris.css]
[doccure.dreamstechnologies.com/html/template/admin/assets/css/custom.css]
[doccure.dreamstechnologies.com/html/template/admin/assets/img/logo.png]
[doccure.dreamstechnologies.com/html/template/admin/assets/img/logo-small.png]
[doccure.dreamstechnologies.com/html/template/admin/assets/img/doctors/doctor-thumb-01.jpg]
[doccure.dreamstechnologies.com/html/template/admin/assets/img/patients/patient1.jpg]
[doccure.dreamstechnologies.com/html/template/admin/assets/img/patients/patient2.jpg]
[doccure.dreamstechnologies.com/html/template/admin/assets/img/patients/patient3.jpg]
[doccure.dreamstechnologies.com/html/template/admin/assets/img/profiles/avatar-01.jpg]
[doccure.dreamstechnologies.com/html/template/admin/profile.html]
[doccure.dreamstechnologies.com/html/template/admin/settings.html]
[doccure.dreamstechnologies.com/html/template/admin/login.html]
[doccure.dreamstechnologies.com/html/template/admin/appointment-list.html]
[doccure.dreamstechnologies.com/html/template/admin/specialities.html]
[doccure.dreamstechnologies.com/html/template/admin/doctor-list.html]
[doccure.dreamstechnologies.com/html/template/admin/patient-list.html]
[doccure.dreamstechnologies.com/html/template/admin/reviews.html]
[doccure.dreamstechnologies.com/html/template/admin/transactions-list.html]
[doccure.dreamstechnologies.com/html/template/admin/invoice-report.html]
[doccure.dreamstechnologies.com/html/template/admin/register.html]
[doccure.dreamstechnologies.com/html/template/admin/forgot-password.html]
[doccure.dreamstechnologies.com/html/template/admin/lock-screen.html]
[doccure.dreamstechnologies.com/html/template/admin/error-404.html]
[doccure.dreamstechnologies.com/html/template/admin/error-500.html]
[doccure.dreamstechnologies.com/html/template/admin/blank-page.html]
[doccure.dreamstechnologies.com/html/template/admin/components.html]
[doccure.dreamstechnologies.com/html/template/admin/form-basic-inputs.html]
[doccure.dreamstechnologies.com/html/template/admin/form-input-groups.html]
[doccure.dreamstechnologies.com/html/template/admin/form-horizontal.html]
[doccure.dreamstechnologies.com/html/template/admin/form-vertical.html]
[doccure.dreamstechnologies.com/html/template/admin/form-mask.html]
[doccure.dreamstechnologies.com/html/template/admin/form-validation.html]
[doccure.dreamstechnologies.com/html/template/admin/tables-basic.html]
[doccure.dreamstechnologies.com/html/template/admin/data-tables.html]
[doccure.dreamstechnologies.com/html/template/admin/assets/img/doctors/doctor-thumb-02.jpg]
[doccure.dreamstechnologies.com/html/template/admin/assets/img/doctors/doctor-thumb-03.jpg]
[doccure.dreamstechnologies.com/html/template/admin/assets/img/doctors/doctor-thumb-04.jpg]
[doccure.dreamstechnologies.com/html/template/admin/assets/img/doctors/doctor-thumb-05.jpg]
[doccure.dreamstechnologies.com/html/template/admin/assets/img/patients/patient4.jpg]
[doccure.dreamstechnologies.com/html/template/admin/assets/img/patients/patient5.jpg]
[doccure.dreamstechnologies.com/html/template/admin/assets/js/jquery-3.7.1.min.js]
[doccure.dreamstechnologies.com/html/template/admin/assets/js/bootstrap.bundle.min.js]
[doccure.dreamstechnologies.com/html/template/admin/assets/plugins/slimscroll/jquery.slimscroll.min.js]
[doccure.dreamstechnologies.com/html/template/admin/assets/plugins/morris/morris.min.js]
[doccure.dreamstechnologies.com/html/template/admin/assets/js/chart.morris.js]
[doccure.dreamstechnologies.com/html/template/admin/assets/plugins/raphael/raphael.min.js]
[doccure.dreamstechnologies.com/html/template/admin/assets/js/script.js]
[doccure.dreamstechnologies.com/html/template/admin/index.html]
[doccure.dreamstechnologies.com/html/template/admin/assets/img/preview-banner.html]
[doccure.dreamstechnologies.com/html/template/admin/assets/css/bootstrap.min.css]
[doccure.dreamstechnologies.com/html/template/admin/assets/plugins/fontawesome/css/fontawesome.min.css]
[doccure.dreamstechnologies.com/html/template/admin/assets/plugins/fontawesome/webfonts/fa-brands-400.woff2]
[doccure.dreamstechnologies.com/html/template/admin/assets/plugins/fontawesome/webfonts/fa-regular-400.woff2]
[doccure.dreamstechnologies.com/html/template/admin/assets/plugins/fontawesome/webfonts/fa-regular-400.ttf]
[doccure.dreamstechnologies.com/html/template/admin/assets/plugins/fontawesome/webfonts/fa-solid-900.woff2]
[doccure.dreamstechnologies.com/html/template/admin/assets/plugins/fontawesome/webfonts/fa-v4compatibility.woff2]
[doccure.dreamstechnologies.com/html/template/admin/assets/plugins/fontawesome/webfonts/fa-solid-900.ttf]
[doccure.dreamstechnologies.com/html/template/admin/assets/plugins/fontawesome/css/all.min.css]
[doccure.dreamstechnologies.com/html/template/admin/assets/plugins/fontawesome/webfonts/fa-v4compatibility.ttf]
[doccure.dreamstechnologies.com/html/template/admin/assets/fonts/feathericon.eot]
[doccure.dreamstechnologies.com/html/template/admin/assets/fonts/feathericond41d.eot]
[doccure.dreamstechnologies.com/html/template/admin/assets/fonts/feathericon.woff]
[doccure.dreamstechnologies.com/html/template/admin/assets/plugins/fontawesome/webfonts/fa-brands-400.ttf]
[doccure.dreamstechnologies.com/html/template/admin/assets/fonts/feathericon.ttf]
[doccure.dreamstechnologies.com/html/template/admin/assets/css/feathericon.min.css]
[doccure.dreamstechnologies.com/html/template/admin/assets/plugins/morris/morris.css]
[doccure.dreamstechnologies.com/html/template/admin/assets/fonts/feathericon.svg]
[doccure.dreamstechnologies.com/html/template/admin/assets/fonts/MaterialIcons-Regular.woff2]
[doccure.dreamstechnologies.com/html/template/admin/assets/fonts/MaterialIcons-Regular.woff]
[doccure.dreamstechnologies.com/html/template/admin/assets/css/custom.css]
[doccure.dreamstechnologies.com/html/template/admin/assets/fonts/MaterialIcons-Regular.ttf]
[doccure.dreamstechnologies.com/html/template/admin/assets/fonts/MaterialIcons-Regular.eot]
[doccure.dreamstechnologies.com/html/template/admin/assets/css/bootstrap-datetimepicker.min.css]
[doccure.dreamstechnologies.com/cdn-cgi/scripts/5c5dd728/cloudflare-static/email-decode.min.js]
[doccure.dreamstechnologies.com/html/template/admin/assets/js/moment.min.js]
[doccure.dreamstechnologies.com/html/template/admin/profile.html]
[doccure.dreamstechnologies.com/html/template/admin/settings.html]
[doccure.dreamstechnologies.com/html/template/admin/assets/js/bootstrap-datetimepicker.min.js]
[doccure.dreamstechnologies.com/html/template/admin/assets/img/logo-white.png]
[doccure.dreamstechnologies.com/html/template/admin/login.html]
[doccure.dreamstechnologies.com/html/template/admin/assets/plugins/datatables/datatables.min.css]
[doccure.dreamstechnologies.com/html/template/admin/assets/img/doctors/doctor-thumb-06.jpg]
[doccure.dreamstechnologies.com/html/template/admin/assets/img/patients/patient6.jpg]
[doccure.dreamstechnologies.com/html/template/admin/assets/img/doctors/doctor-thumb-07.jpg]
[doccure.dreamstechnologies.com/html/template/admin/assets/img/patients/patient7.jpg]
[doccure.dreamstechnologies.com/html/template/admin/assets/img/doctors/doctor-thumb-08.jpg]
[doccure.dreamstechnologies.com/html/template/admin/assets/img/patients/patient8.jpg]
[doccure.dreamstechnologies.com/html/template/admin/assets/img/doctors/doctor-thumb-09.jpg]
[doccure.dreamstechnologies.com/html/template/admin/assets/img/patients/patient9.jpg]
[doccure.dreamstechnologies.com/html/template/admin/assets/img/doctors/doctor-thumb-10.jpg]
[doccure.dreamstechnologies.com/html/template/admin/assets/img/patients/patient10.jpg]
[doccure.dreamstechnologies.com/html/template/admin/assets/plugins/datatables/jquery.dataTables.min.js]
[doccure.dreamstechnologies.com/html/template/admin/appointment-list.html]
[doccure.dreamstechnologies.com/html/template/admin/assets/img/specialities/specialities-01.png]
[doccure.dreamstechnologies.com/html/template/admin/assets/img/specialities/specialities-02.png]
[doccure.dreamstechnologies.com/html/template/admin/assets/plugins/datatables/datatables.min.js]
[doccure.dreamstechnologies.com/html/template/admin/assets/img/specialities/specialities-03.png]
[doccure.dreamstechnologies.com/html/template/admin/assets/img/specialities/specialities-04.png]
[doccure.dreamstechnologies.com/html/template/admin/assets/img/specialities/specialities-05.png]
[doccure.dreamstechnologies.com/html/template/admin/specialities.html]
[doccure.dreamstechnologies.com/html/template/admin/doctor-list.html]
[doccure.dreamstechnologies.com/html/template/admin/assets/img/patients/patient11.jpg]
[doccure.dreamstechnologies.com/html/template/admin/assets/img/patients/patient12.jpg]
[doccure.dreamstechnologies.com/html/template/admin/assets/img/patients/patient13.jpg]
[doccure.dreamstechnologies.com/html/template/admin/assets/img/patients/patient14.jpg]
[doccure.dreamstechnologies.com/html/template/admin/assets/img/patients/patient15.jpg]
[doccure.dreamstechnologies.com/html/template/admin/patient-list.html]
[doccure.dreamstechnologies.com/html/template/admin/reviews.html]
[doccure.dreamstechnologies.com/html/template/admin/transactions-list.html]
[doccure.dreamstechnologies.com/html/template/admin/invoice-report.html]
[doccure.dreamstechnologies.com/html/template/admin/register.html]
[doccure.dreamstechnologies.com/html/template/admin/forgot-password.html]
[doccure.dreamstechnologies.com/html/template/admin/invoice.html]
[doccure.dreamstechnologies.com/html/template/admin/assets/img/profiles/avatar-02.jpg]
[doccure.dreamstechnologies.com/html/template/admin/lock-screen.html]
[doccure.dreamstechnologies.com/html/template/admin/error-404.html]
[doccure.dreamstechnologies.com/html/template/admin/error-500.html]
[doccure.dreamstechnologies.com/html/template/admin/blank-page.html]
[doccure.dreamstechnologies.com/html/template/admin/assets/img/profiles/avatar-03.jpg]
[doccure.dreamstechnologies.com/html/template/admin/assets/img/profiles/avatar-04.jpg]
[doccure.dreamstechnologies.com/html/template/admin/assets/img/img-01.jpg]
[doccure.dreamstechnologies.com/html/template/admin/components.html]
[doccure.dreamstechnologies.com/html/template/admin/form-basic-inputs.html]
[doccure.dreamstechnologies.com/html/template/admin/form-input-groups.html]
[doccure.dreamstechnologies.com/html/template/admin/assets/css/select2.min.css]
[doccure.dreamstechnologies.com/html/template/admin/form-horizontal.html]
[doccure.dreamstechnologies.com/html/template/admin/assets/js/select2.min.js]
[doccure.dreamstechnologies.com/html/template/admin/form-vertical.html]
[doccure.dreamstechnologies.com/html/template/admin/assets/js/jquery.maskedinput.min.js]
[doccure.dreamstechnologies.com/html/template/admin/assets/js/mask.js]
[doccure.dreamstechnologies.com/html/template/admin/form-mask.html]
[doccure.dreamstechnologies.com/html/template/admin/assets/js/form-validation.js]
[doccure.dreamstechnologies.com/html/template/admin/form-validation.html]
[doccure.dreamstechnologies.com/html/template/admin/tables-basic.html]
[doccure.dreamstechnologies.com/html/template/admin/data-tables.html]
[doccure.dreamstechnologies.com/html/template/admin/assets/fonts/feathericon.svg]
[doccure.dreamstechnologies.com/html/template/admin/assets/css/bootstrap-datetimepicker.min.css]
[doccure.dreamstechnologies.com/html/template/admin/assets/plugins/datatables/datatables.min.css]
[doccure.dreamstechnologies.com/html/template/admin/invoice.html]
[doccure.dreamstechnologies.com/html/template/admin/assets/css/select2.min.css]
